<?xml version="1.0" encoding="utf-8"?><testsuites name="pytest tests"><testsuite name="pytest" errors="0" failures="0" skipped="0" tests="5" time="23.067" timestamp="2026-07-05T19:07:38.319888+00:00" hostname="agent-env-1fc11679-480d-47a6-99f0-6c67d701e40e"><testcase classname="test_pdf_ocr.TestHealthRegression" name="test_root" time="0.106" /><testcase classname="test_pdf_ocr.TestOcrPdf" name="test_pdf_valid_timetable" time="11.796" /><testcase classname="test_pdf_ocr.TestOcrPdfErrors" name="test_missing_body" time="0.049" /><testcase classname="test_pdf_ocr.TestOcrPdfErrors" name="test_invalid_base64" time="0.004" /><testcase classname="test_pdf_ocr.TestOcrTimetableRegression" name="test_ocr_image_still_works" time="11.040" /></testsuite></testsuites>