<?xml version="1.0" encoding="utf-8"?><testsuites name="pytest tests"><testsuite name="pytest" errors="0" failures="0" skipped="0" tests="4" time="16.226" timestamp="2026-07-05T17:29:32.576473+00:00" hostname="agent-env-1fc11679-480d-47a6-99f0-6c67d701e40e"><testcase classname="test_ocr_api.TestHealth" name="test_root" time="0.283" /><testcase classname="test_ocr_api.TestOcrTimetable" name="test_ocr_valid_timetable" time="10.673" /><testcase classname="test_ocr_api.TestOcrErrors" name="test_missing_body" time="0.050" /><testcase classname="test_ocr_api.TestOcrErrors" name="test_non_table_image" time="5.146" /></testsuite></testsuites>